INFO:     Will watch for changes in these directories: ['/home/dave/src/docker-media-center/config/sodarr-chrome-plugin/service']
INFO:     Uvicorn running on http://0.0.0.0:35000 (Press CTRL+C to quit)
INFO:     Started reloader process [1831520] using statreload
INFO:     Started server process [1831525]
INFO:     Waiting for application startup.
INFO:     Application startup complete.
INFO:     Shutting down
INFO:     Waiting for application shutdown.
INFO:     Application shutdown complete.
INFO:     Finished server process [1831525]
INFO:     Stopping reloader process [1831520]
INFO:     Will watch for changes in these directories: ['/home/dave/src/docker-media-center/config/sodarr-chrome-plugin/service']
INFO:     Uvicorn running on http://0.0.0.0:35000 (Press CTRL+C to quit)
INFO:     Started reloader process [1832037] using statreload
INFO:     Started server process [1832039]
INFO:     Waiting for application startup.
INFO:     Application startup complete.
xdg-open "/tv/3rd Rock from the Sun/Season 6/3rd Rock from the Sun - 6x05 - Dick'll Take Manhattan (2).mkv"
0
INFO:     127.0.0.1:46990 - "POST /open HTTP/1.1" 200 OK
[000055afcfc645b0] main libvlc: Running vlc with the default interface. Use 'cvlc' to use vlc without interface.
[00007f11c0004010] gl gl: Initialized libplacebo v4.192.1 (API v192)
libva info: VA-API version 1.14.0
libva info: Trying to open /usr/lib/x86_64-linux-gnu/dri/nvidia_drv_video.so
libva info: va_openDriver() returns -1
[00007f11c0004010] glconv_vaapi_x11 gl error: vaInitialize: unknown libva error
libva info: VA-API version 1.14.0
libva error: vaGetDriverNameByIndex() failed with unknown libva error, driver_name = (null)
[00007f11c0004010] glconv_vaapi_drm gl error: vaInitialize: unknown libva error
libva info: VA-API version 1.14.0
libva error: vaGetDriverNameByIndex() failed with unknown libva error, driver_name = (null)
[00007f11c0004010] glconv_vaapi_drm gl error: vaInitialize: unknown libva error
[00007f11c0004010] gl gl: Initialized libplacebo v4.192.1 (API v192)
[00007f11ccc0e540] avcodec decoder: Using NVIDIA VDPAU Driver Shared Library  470.129.06  Thu May 12 22:41:13 UTC 2022 for hardware decoding
QObject::~QObject: Timers cannot be stopped from another thread
gio: file:///movies/100%20Days%20to%20Live%20(2019)/100%20Days%20to%20Live%20(2019).mkv: Error when getting information for file “/movies/100 Days to Live (2019)/100 Days to Live (2019).mkv”: No such file or directory
xdg-open "/movies/100 Days to Live (2019)/100 Days to Live (2019).mkv"
4
INFO:     127.0.0.1:47004 - "POST /open HTTP/1.1" 200 OK
